<?xml version="1.0" encoding="UTF-8"?>
<!-- Generated by org.testng.reporters.JUnitXMLReporter -->
<testsuite ignored="8" hostname="LHR-ISKY-MRosull" failures="6" tests="39" name="Command line test" time="6.299" errors="0" timestamp="2022-12-12T15:18:44 PKT">
  <testcase classname="org.amazon.test.BrandResultTest" name="verifyIfSamsungCheckBoxIsSelected" time="0.005">
    <failure type="java.lang.NullPointerException" message="Cannot invoke &amp;quot;org.amazon.page.TVCategoryPage.selectBrandSamsung()&amp;quot; because &amp;quot;org.amazon.test.BrandResultTest.tvCategoryPage&amp;quot; is null">
      <![CDATA[java.lang.NullPointerException: Cannot invoke "org.amazon.page.TVCategoryPage.selectBrandSamsung()" because "org.amazon.test.BrandResultTest.tvCategoryPage" is null
at org.amazon.test.BrandResultTest.verifyIfSamsungCheckBoxIsSelected(BrandResultTest.java:15)
at java.base/java.util.ArrayList.forEach(ArrayList.java:1511)
... Removed 37 stack frames]]>
    </failure>
  </testcase> <!-- verifyIfSamsungCheckBoxIsSelected -->
  <testcase classname="org.amazon.test.BrandResultTest" name="verifyResultsHeaderAvailability" time="0.002">
    <failure type="java.lang.NullPointerException" message="Cannot invoke &amp;quot;org.amazon.page.BrandResultsPage.isResultsHeaderAvailable()&amp;quot; because &amp;quot;org.amazon.test.BrandResultTest.brandResultsPage&amp;quot; is null">
      <![CDATA[java.lang.NullPointerException: Cannot invoke "org.amazon.page.BrandResultsPage.isResultsHeaderAvailable()" because "org.amazon.test.BrandResultTest.brandResultsPage" is null
at org.amazon.test.BrandResultTest.verifyResultsHeaderAvailability(BrandResultTest.java:21)
at java.base/java.util.ArrayList.forEach(ArrayList.java:1511)
... Removed 37 stack frames]]>
    </failure>
  </testcase> <!-- verifyResultsHeaderAvailability -->
  <testcase classname="org.amazon.test.BrandResultTest" name="verifyFilteredResultsToHaveSelectedBrandName" time="0.001">
    <failure type="java.lang.NullPointerException" message="Cannot invoke &amp;quot;org.amazon.page.BrandResultsPage.getFilteredResultsText()&amp;quot; because &amp;quot;org.amazon.test.BrandResultTest.brandResultsPage&amp;quot; is null">
      <![CDATA[java.lang.NullPointerException: Cannot invoke "org.amazon.page.BrandResultsPage.getFilteredResultsText()" because "org.amazon.test.BrandResultTest.brandResultsPage" is null
at org.amazon.test.BrandResultTest.verifyFilteredResultsToHaveSelectedBrandName(BrandResultTest.java:26)
at java.base/java.util.ArrayList.forEach(ArrayList.java:1511)
... Removed 37 stack frames]]>
    </failure>
  </testcase> <!-- verifyFilteredResultsToHaveSelectedBrandName -->
  <testcase classname="org.amazon.test.BrandResultTest" name="verifyHighToLowPriceSorting" time="0.001">
    <failure type="java.lang.NullPointerException" message="Cannot invoke &amp;quot;org.amazon.page.BrandResultsPage.sortByPriceHighToLow()&amp;quot; because &amp;quot;org.amazon.test.BrandResultTest.brandResultsPage&amp;quot; is null">
      <![CDATA[java.lang.NullPointerException: Cannot invoke "org.amazon.page.BrandResultsPage.sortByPriceHighToLow()" because "org.amazon.test.BrandResultTest.brandResultsPage" is null
at org.amazon.test.BrandResultTest.verifyHighToLowPriceSorting(BrandResultTest.java:34)
at java.base/java.util.ArrayList.forEach(ArrayList.java:1511)
... Removed 37 stack frames]]>
    </failure>
  </testcase> <!-- verifyHighToLowPriceSorting -->
  <testcase classname="org.amazon.test.HomeTest" name="verifyURL" time="0.004"/>
  <testcase classname="org.amazon.test.HomeTest" name="verifyTitle" time="0.008"/>
  <testcase classname="org.amazon.test.HomeTest" name="verifySearchDropDownValues" time="0.109"/>
  <testcase classname="org.amazon.test.HomeTest" name="verifyScrollToTV" time="1.847"/>
  <testcase classname="org.amazon.test.ItemDetailPageTest" name="verifyNewTabTitleIsMatchingWithItemDescription" time="0.0">
    <failure type="java.lang.NullPointerException" message="Cannot invoke &amp;quot;org.amazon.page.BrandResultsPage.openNewTab()&amp;quot; because &amp;quot;org.amazon.test.ItemDetailPageTest.brandResultsPage&amp;quot; is null">
      <![CDATA[java.lang.NullPointerException: Cannot invoke "org.amazon.page.BrandResultsPage.openNewTab()" because "org.amazon.test.ItemDetailPageTest.brandResultsPage" is null
at org.amazon.test.ItemDetailPageTest.verifyNewTabTitleIsMatchingWithItemDescription(ItemDetailPageTest.java:17)
at java.base/java.util.ArrayList.forEach(ArrayList.java:1511)
... Removed 37 stack frames]]>
    </failure>
  </testcase> <!-- verifyNewTabTitleIsMatchingWithItemDescription -->
  <testcase classname="org.amazon.test.ItemDetailPageTest" name="verifyBulletsPointsOfAboutThisItem" time="0.003">
    <failure type="java.lang.NullPointerException" message="Cannot invoke &amp;quot;org.amazon.page.ItemDetailsPage.aboutThisItem()&amp;quot; because &amp;quot;org.amazon.test.ItemDetailPageTest.itemDetailsPage&amp;quot; is null">
      <![CDATA[java.lang.NullPointerException: Cannot invoke "org.amazon.page.ItemDetailsPage.aboutThisItem()" because "org.amazon.test.ItemDetailPageTest.itemDetailsPage" is null
at org.amazon.test.ItemDetailPageTest.verifyBulletsPointsOfAboutThisItem(ItemDetailPageTest.java:27)
at java.base/java.util.ArrayList.forEach(ArrayList.java:1511)
... Removed 37 stack frames]]>
    </failure>
  </testcase> <!-- verifyBulletsPointsOfAboutThisItem -->
  <testcase classname="org.amazon.test.TVCategoryTest" name="verifyTVCategoryURL" time="2.719"/>
  <testcase classname="org.amazon.test.TVCategoryTest" name="verifyTVCategoryTitle" time="0.994"/>
  <testcase classname="org.amazon.test.TVCategoryTest" name="verifySubOptionsCountTV" time="0.119"/>
  <testcase classname="org.amazon.test.TVCategoryTest" name="verifySubOptionsTV1" time="0.09"/>
  <testcase classname="org.amazon.test.TVCategoryTest" name="verifySubOptionsTV2" time="0.039"/>
  <testcase classname="org.amazon.test.TVCategoryTest" name="verifySubOptionsTV3" time="0.031"/>
  <testcase classname="org.amazon.test.TVCategoryTest" name="verifySubOptionsTV4" time="0.019"/>
  <testcase classname="org.amazon.test.TVCategoryTest" name="verifyResolutionHeaderAvailability" time="0.016"/>
  <testcase classname="org.amazon.test.TVCategoryTest" name="verifyAvailabilityCheck_8kResolution" time="0.01"/>
  <testcase classname="org.amazon.test.TVCategoryTest" name="verifyAvailabilityCheck_4kResolution" time="0.015"/>
  <testcase classname="org.amazon.test.TVCategoryTest" name="verifyAvailabilityCheck_1080pResolution" time="0.004"/>
  <testcase classname="org.amazon.test.TVCategoryTest" name="verifyAvailabilityCheck_768pResolution" time="0.005"/>
  <testcase classname="org.amazon.test.TVCategoryTest" name="verifyAvailabilityCheck_720pResolution" time="0.004"/>
  <testcase classname="org.amazon.test.TVCategoryTest" name="verifyAvailabilityCheck_480pResolution" time="0.004"/>
  <testcase classname="org.amazon.test.TVCategoryTest" name="verifyAvailabilityCheck_Year2022" time="0.008"/>
  <testcase classname="org.amazon.test.TVCategoryTest" name="verifyAvailabilityCheck_Year2021" time="0.009"/>
  <testcase classname="org.amazon.test.TVCategoryTest" name="verifyAvailabilityCheck_Year2020" time="0.008"/>
  <testcase classname="org.amazon.test.TVCategoryTest" name="verifyAvailabilityCheck_Year2019" time="0.011"/>
  <testcase classname="org.amazon.test.TVCategoryTest" name="verifyAvailabilityCheck_Year2018" time="0.019"/>
  <testcase classname="org.amazon.test.TVCategoryTest" name="verifyAvailabilityCheck_Year2017" time="0.013"/>
  <testcase classname="org.amazon.test.TVCategoryTest" name="verifyAvailabilityCheck_Year2016" time="0.003"/>
  <testcase classname="org.amazon.test.TVCategoryTest" name="verifyAvailabilityCheck_SmartTVPlatform" time="0.012"/>
  <testcase classname="org.amazon.test.TVCategoryTest" name="verifyAvailabilityCheck_PlatformAndroid" time="0.004"/>
  <testcase classname="org.amazon.test.TVCategoryTest" name="verifyAvailabilityCheck_PlatformFireOS" time="0.006"/>
  <testcase classname="org.amazon.test.TVCategoryTest" name="verifyAvailabilityCheck_PlatformHomeOS" time="0.003"/>
  <testcase classname="org.amazon.test.TVCategoryTest" name="verifyAvailabilityCheck_PlatformTizen" time="0.003"/>
  <testcase classname="org.amazon.test.TVCategoryTest" name="verifyAvailabilityCheck_PlatformWebOS" time="0.007"/>
  <testcase classname="org.amazon.test.TVCategoryTest" name="verifyAvailabilityCheckBrandMI" time="0.004"/>
  <testcase classname="org.amazon.test.TVCategoryTest" name="verifyAvailabilityCheckBrandSamsung" time="0.004"/>
  <testcase classname="org.amazon.base.BaseTest" name="@AfterSuite tearDown" time="0.0">
    <ignored/>
  </testcase> <!-- @AfterSuite tearDown -->
  <testcase classname="org.amazon.base.BaseTest" name="@BeforeSuite setUp" time="0.0">
    <ignored/>
  </testcase> <!-- @BeforeSuite setUp -->
  <testcase classname="org.amazon.base.BaseTest" name="@AfterSuite tearDown" time="0.0">
    <ignored/>
  </testcase> <!-- @AfterSuite tearDown -->
  <testcase classname="org.amazon.base.BaseTest" name="@BeforeSuite setUp" time="0.0">
    <ignored/>
  </testcase> <!-- @BeforeSuite setUp -->
  <testcase classname="org.amazon.base.BaseTest" name="@BeforeSuite setUp" time="0.0">
    <ignored/>
  </testcase> <!-- @BeforeSuite setUp -->
  <testcase classname="org.amazon.base.BaseTest" name="@BeforeSuite setUp" time="0.0">
    <ignored/>
  </testcase> <!-- @BeforeSuite setUp -->
  <testcase classname="org.amazon.base.BaseTest" name="@AfterSuite tearDown" time="0.0">
    <ignored/>
  </testcase> <!-- @AfterSuite tearDown -->
  <testcase classname="org.amazon.base.BaseTest" name="@AfterSuite tearDown" time="0.0">
    <ignored/>
  </testcase> <!-- @AfterSuite tearDown -->
</testsuite> <!-- Command line test -->
