<?xml version="1.0" encoding="UTF-8" ?>
<testsuite tests="39" failures="6" name="TestSuite" time="6.18" errors="0" skipped="0">
  <properties>
[...]
</properties>
  <testcase classname="org.amazon.test.BrandResultTest" name="verifyIfSamsungCheckBoxIsSelected" time="0.012">
    <failure message="Cannot invoke &quot;org.amazon.page.TVCategoryPage.selectBrandSamsung()&quot; because &quot;org.amazon.test.BrandResultTest.tvCategoryPage&quot; is null" type="java.lang.NullPointerException">java.lang.NullPointerException: Cannot invoke &quot;org.amazon.page.TVCategoryPage.selectBrandSamsung()&quot; because &quot;org.amazon.test.BrandResultTest.tvCategoryPage&quot; is null
	at org.amazon.test.BrandResultTest.verifyIfSamsungCheckBoxIsSelected(BrandResultTest.java:15)
</failure>
    <system-out>Configuring TestNG with: org.apache.maven.surefire.testng.conf.TestNG652Configurator@59a6e353
Browser name : chrome
Navigating to : http://amazon.in/
</system-out>
    <system-err>[main] INFO org.amazon.base.BaseTest - Initializing Playwright
</system-err>
  </testcase>
  <testcase classname="org.amazon.test.BrandResultTest" name="verifyResultsHeaderAvailability" time="0.002">
    <failure message="Cannot invoke &quot;org.amazon.page.BrandResultsPage.isResultsHeaderAvailable()&quot; because &quot;org.amazon.test.BrandResultTest.brandResultsPage&quot; is null" type="java.lang.NullPointerException">java.lang.NullPointerException: Cannot invoke &quot;org.amazon.page.BrandResultsPage.isResultsHeaderAvailable()&quot; because &quot;org.amazon.test.BrandResultTest.brandResultsPage&quot; is null
	at org.amazon.test.BrandResultTest.verifyResultsHeaderAvailability(BrandResultTest.java:21)
</failure>
  </testcase>
  <testcase classname="org.amazon.test.BrandResultTest" name="verifyFilteredResultsToHaveSelectedBrandName" time="0.002">
    <failure message="Cannot invoke &quot;org.amazon.page.BrandResultsPage.getFilteredResultsText()&quot; because &quot;org.amazon.test.BrandResultTest.brandResultsPage&quot; is null" type="java.lang.NullPointerException">java.lang.NullPointerException: Cannot invoke &quot;org.amazon.page.BrandResultsPage.getFilteredResultsText()&quot; because &quot;org.amazon.test.BrandResultTest.brandResultsPage&quot; is null
	at org.amazon.test.BrandResultTest.verifyFilteredResultsToHaveSelectedBrandName(BrandResultTest.java:26)
</failure>
  </testcase>
  <testcase classname="org.amazon.test.BrandResultTest" name="verifyHighToLowPriceSorting" time="0">
    <failure message="Cannot invoke &quot;org.amazon.page.BrandResultsPage.sortByPriceHighToLow()&quot; because &quot;org.amazon.test.BrandResultTest.brandResultsPage&quot; is null" type="java.lang.NullPointerException">java.lang.NullPointerException: Cannot invoke &quot;org.amazon.page.BrandResultsPage.sortByPriceHighToLow()&quot; because &quot;org.amazon.test.BrandResultTest.brandResultsPage&quot; is null
	at org.amazon.test.BrandResultTest.verifyHighToLowPriceSorting(BrandResultTest.java:34)
</failure>
  </testcase>
  <testcase classname="org.amazon.test.HomeTest" name="verifyURL" time="0.005"/>
  <testcase classname="org.amazon.test.HomeTest" name="verifyTitle" time="0.008"/>
  <testcase classname="org.amazon.test.HomeTest" name="verifySearchDropDownValues" time="0.109"/>
  <testcase classname="org.amazon.test.HomeTest" name="verifyScrollToTV" time="1.848"/>
  <testcase classname="org.amazon.test.ItemDetailPageTest" name="verifyNewTabTitleIsMatchingWithItemDescription" time="0.002">
    <failure message="Cannot invoke &quot;org.amazon.page.BrandResultsPage.openNewTab()&quot; because &quot;org.amazon.test.ItemDetailPageTest.brandResultsPage&quot; is null" type="java.lang.NullPointerException">java.lang.NullPointerException: Cannot invoke &quot;org.amazon.page.BrandResultsPage.openNewTab()&quot; because &quot;org.amazon.test.ItemDetailPageTest.brandResultsPage&quot; is null
	at org.amazon.test.ItemDetailPageTest.verifyNewTabTitleIsMatchingWithItemDescription(ItemDetailPageTest.java:17)
</failure>
  </testcase>
  <testcase classname="org.amazon.test.ItemDetailPageTest" name="verifyBulletsPointsOfAboutThisItem" time="0.006">
    <failure message="Cannot invoke &quot;org.amazon.page.ItemDetailsPage.aboutThisItem()&quot; because &quot;org.amazon.test.ItemDetailPageTest.itemDetailsPage&quot; is null" type="java.lang.NullPointerException">java.lang.NullPointerException: Cannot invoke &quot;org.amazon.page.ItemDetailsPage.aboutThisItem()&quot; because &quot;org.amazon.test.ItemDetailPageTest.itemDetailsPage&quot; is null
	at org.amazon.test.ItemDetailPageTest.verifyBulletsPointsOfAboutThisItem(ItemDetailPageTest.java:27)
</failure>
  </testcase>
  <testcase classname="org.amazon.test.TVCategoryTest" name="verifyTVCategoryURL" time="2.718"/>
  <testcase classname="org.amazon.test.TVCategoryTest" name="verifyTVCategoryTitle" time="0.994"/>
  <testcase classname="org.amazon.test.TVCategoryTest" name="verifySubOptionsCountTV" time="0.12"/>
  <testcase classname="org.amazon.test.TVCategoryTest" name="verifySubOptionsTV1" time="0.091"/>
  <testcase classname="org.amazon.test.TVCategoryTest" name="verifySubOptionsTV2" time="0.039"/>
  <testcase classname="org.amazon.test.TVCategoryTest" name="verifySubOptionsTV3" time="0.031"/>
  <testcase classname="org.amazon.test.TVCategoryTest" name="verifySubOptionsTV4" time="0.018"/>
  <testcase classname="org.amazon.test.TVCategoryTest" name="verifyResolutionHeaderAvailability" time="0.017"/>
  <testcase classname="org.amazon.test.TVCategoryTest" name="verifyAvailabilityCheck_8kResolution" time="0.011"/>
  <testcase classname="org.amazon.test.TVCategoryTest" name="verifyAvailabilityCheck_4kResolution" time="0.016"/>
  <testcase classname="org.amazon.test.TVCategoryTest" name="verifyAvailabilityCheck_1080pResolution" time="0.003"/>
  <testcase classname="org.amazon.test.TVCategoryTest" name="verifyAvailabilityCheck_768pResolution" time="0.004"/>
  <testcase classname="org.amazon.test.TVCategoryTest" name="verifyAvailabilityCheck_720pResolution" time="0.005"/>
  <testcase classname="org.amazon.test.TVCategoryTest" name="verifyAvailabilityCheck_480pResolution" time="0.004"/>
  <testcase classname="org.amazon.test.TVCategoryTest" name="verifyAvailabilityCheck_Year2022" time="0.008"/>
  <testcase classname="org.amazon.test.TVCategoryTest" name="verifyAvailabilityCheck_Year2021" time="0.008"/>
  <testcase classname="org.amazon.test.TVCategoryTest" name="verifyAvailabilityCheck_Year2020" time="0.007"/>
  <testcase classname="org.amazon.test.TVCategoryTest" name="verifyAvailabilityCheck_Year2019" time="0.011"/>
  <testcase classname="org.amazon.test.TVCategoryTest" name="verifyAvailabilityCheck_Year2018" time="0.019"/>
  <testcase classname="org.amazon.test.TVCategoryTest" name="verifyAvailabilityCheck_Year2017" time="0.014"/>
  <testcase classname="org.amazon.test.TVCategoryTest" name="verifyAvailabilityCheck_Year2016" time="0.004"/>
  <testcase classname="org.amazon.test.TVCategoryTest" name="verifyAvailabilityCheck_SmartTVPlatform" time="0.012"/>
  <testcase classname="org.amazon.test.TVCategoryTest" name="verifyAvailabilityCheck_PlatformAndroid" time="0.004"/>
  <testcase classname="org.amazon.test.TVCategoryTest" name="verifyAvailabilityCheck_PlatformFireOS" time="0.006"/>
  <testcase classname="org.amazon.test.TVCategoryTest" name="verifyAvailabilityCheck_PlatformHomeOS" time="0.004"/>
  <testcase classname="org.amazon.test.TVCategoryTest" name="verifyAvailabilityCheck_PlatformTizen" time="0.004"/>
  <testcase classname="org.amazon.test.TVCategoryTest" name="verifyAvailabilityCheck_PlatformWebOS" time="0.006"/>
  <testcase classname="org.amazon.test.TVCategoryTest" name="verifyAvailabilityCheckBrandMI" time="0.004"/>
  <testcase classname="org.amazon.test.TVCategoryTest" name="verifyAvailabilityCheckBrandSamsung" time="0.004"/>
</testsuite>